486 - a-lesson-in-creativity.html (subtotal 486)
3190 - action.html (subtotal 3676)
977 - aftermath.html (subtotal 4653)
5114 - alone-in-the-cold.html (subtotal 9767)
1636 - ambassador.html (subtotal 11403)
2822 - answers.html (subtotal 14225)
2566 - breach.html (subtotal 16791)
2791 - broken-wings.html (subtotal 19582)
13 - char.html (subtotal 19595)
2571 - comrades.html (subtotal 22166)
3119 - contact.html (subtotal 25285)
3039 - counsel.html (subtotal 28324)
2630 - cultural-exchange.html (subtotal 30954)
4758 - customs.html (subtotal 35712)
619 - dahlia.html (subtotal 36331)
3509 - diplomacy.html (subtotal 39840)
2303 - embassy.html (subtotal 42143)
3792 - end-in-sight.html (subtotal 45935)
2638 - escalation.html (subtotal 48573)
4130 - everything-has-changed.html (subtotal 52703)
3693 - everything-is-going-to-change.html (subtotal 56396)
1896 - freedom.html (subtotal 58292)
2217 - glossary.html (subtotal 60509)
1390 - gravity.html (subtotal 61899)
4843 - harmony.html (subtotal 66742)
3333 - home.html (subtotal 70075)
1144 - if-youll-excuse-me.html (subtotal 71219)
215 - index.html (subtotal 71434)
3523 - justice.html (subtotal 74957)
2296 - match.html (subtotal 77253)
4010 - mirin-a-surin.html (subtotal 81263)
2850 - missing.html (subtotal 84113)
3568 - naked.html (subtotal 87681)
1375 - on-the-perversions.html (subtotal 89056)
2954 - operations.html (subtotal 92010)
1431 - opium.html (subtotal 93441)
820 - orientation.html (subtotal 94261)
759 - overture.html (subtotal 95020)
5618 - pact.html (subtotal 100638)
1969 - parlay.html (subtotal 102607)
451 - prime-movement.html (subtotal 103058)
2317 - prisoner-of-war.html (subtotal 105375)
1622 - ranlin.html (subtotal 106997)
1474 - ranuir-ii.html (subtotal 108471)
1725 - ranuir.html (subtotal 110196)
952 - raven.html (subtotal 111148)
2207 - release.html (subtotal 113355)
1267 - rescue.html (subtotal 114622)
4494 - rest.html (subtotal 119116)
1487 - reunion.html (subtotal 120603)
1762 - revolt.html (subtotal 122365)
1835 - screened.html (subtotal 124200)
8186 - seduction.html (subtotal 132386)
1917 - shopping.html (subtotal 134303)
1746 - smuggler.html (subtotal 136049)
4254 - sparrowhawk.html (subtotal 140303)
2778 - strange-bedfellows.html (subtotal 143081)
1734 - subjugation.html (subtotal 144815)
1276 - submission.html (subtotal 146091)
1655 - taken.html (subtotal 147746)
2320 - talk-like-a-void-pirate.html (subtotal 150066)
470 - the-dominator-suite.html (subtotal 150536)
1159 - trade.html (subtotal 151695)
704 - tw.html (subtotal 152399)
2478 - upgrades.html (subtotal 154877)
2921 - visions.html (subtotal 157798)
956 - wren.html (subtotal 158754)
1516 - youre-fun-when-youre-angry.html (subtotal 160270)
